Determining if the pthread_create exist failed with the following output:
Change Dir: /home/maroqi/Documents/ICHIRO2020/SocketProgramming/UDPboostAsiogameCont/build/CMakeFiles/CMakeTmp

Run Build Command:"/usr/bin/make" "cmTC_b674f/fast"
/usr/bin/make -f CMakeFiles/cmTC_b674f.dir/build.make CMakeFiles/cmTC_b674f.dir/build
make[1]: Entering directory '/home/maroqi/Documents/ICHIRO2020/SocketProgramming/UDPboostAsiogameCont/build/CMakeFiles/CMakeTmp'
Building C object CMakeFiles/cmTC_b674f.dir/CheckSymbolExists.c.o
/usr/bin/cc    -o CMakeFiles/cmTC_b674f.dir/CheckSymbolExists.c.o   -c /home/maroqi/Documents/ICHIRO2020/SocketProgramming/UDPboostAsiogameCont/build/CMakeFiles/CMakeTmp/CheckSymbolExists.c
Linking C executable cmTC_b674f
/usr/bin/cmake -E cmake_link_script CMakeFiles/cmTC_b674f.dir/link.txt --verbose=1
/usr/bin/cc      CMakeFiles/cmTC_b674f.dir/CheckSymbolExists.c.o  -o cmTC_b674f 
CMakeFiles/cmTC_b674f.dir/CheckSymbolExists.c.o: In function `main':
CheckSymbolExists.c:(.text+0x1b): undefined reference to `pthread_create'
collect2: error: ld returned 1 exit status
CMakeFiles/cmTC_b674f.dir/build.make:97: recipe for target 'cmTC_b674f' failed
make[1]: *** [cmTC_b674f] Error 1
make[1]: Leaving directory '/home/maroqi/Documents/ICHIRO2020/SocketProgramming/UDPboostAsiogameCont/build/CMakeFiles/CMakeTmp'
Makefile:126: recipe for target 'cmTC_b674f/fast' failed
make: *** [cmTC_b674f/fast] Error 2

File /home/maroqi/Documents/ICHIRO2020/SocketProgramming/UDPboostAsiogameCont/build/CMakeFiles/CMakeTmp/CheckSymbolExists.c:
/* */
#include <pthread.h>

int main(int argc, char** argv)
{
  (void)argv;
#ifndef pthread_create
  return ((int*)(&pthread_create))[argc];
#else
  (void)argc;
  return 0;
#endif
}

Determining if the function pthread_create exists in the pthreads failed with the following output:
Change Dir: /home/maroqi/Documents/ICHIRO2020/SocketProgramming/UDPboostAsiogameCont/build/CMakeFiles/CMakeTmp

Run Build Command:"/usr/bin/make" "cmTC_89944/fast"
/usr/bin/make -f CMakeFiles/cmTC_89944.dir/build.make CMakeFiles/cmTC_89944.dir/build
make[1]: Entering directory '/home/maroqi/Documents/ICHIRO2020/SocketProgramming/UDPboostAsiogameCont/build/CMakeFiles/CMakeTmp'
Building C object CMakeFiles/cmTC_89944.dir/CheckFunctionExists.c.o
/usr/bin/cc   -DCHECK_FUNCTION_EXISTS=pthread_create   -o CMakeFiles/cmTC_89944.dir/CheckFunctionExists.c.o   -c /usr/share/cmake-3.10/Modules/CheckFunctionExists.c
Linking C executable cmTC_89944
/usr/bin/cmake -E cmake_link_script CMakeFiles/cmTC_89944.dir/link.txt --verbose=1
/usr/bin/cc  -DCHECK_FUNCTION_EXISTS=pthread_create    CMakeFiles/cmTC_89944.dir/CheckFunctionExists.c.o  -o cmTC_89944 -lpthreads 
/usr/bin/ld: cannot find -lpthreads
collect2: error: ld returned 1 exit status
CMakeFiles/cmTC_89944.dir/build.make:97: recipe for target 'cmTC_89944' failed
make[1]: *** [cmTC_89944] Error 1
make[1]: Leaving directory '/home/maroqi/Documents/ICHIRO2020/SocketProgramming/UDPboostAsiogameCont/build/CMakeFiles/CMakeTmp'
Makefile:126: recipe for target 'cmTC_89944/fast' failed
make: *** [cmTC_89944/fast] Error 2


