Determining if the pthread_create exist failed with the following output:
Change Dir: /home/maroqi/Documents/UDPboostAsio/build/CMakeFiles/CMakeTmp

Run Build Command:"/usr/bin/make" "cmTC_6785c/fast"
/usr/bin/make -f CMakeFiles/cmTC_6785c.dir/build.make CMakeFiles/cmTC_6785c.dir/build
make[1]: Entering directory '/home/maroqi/Documents/UDPboostAsio/build/CMakeFiles/CMakeTmp'
Building C object CMakeFiles/cmTC_6785c.dir/CheckSymbolExists.c.o
/usr/bin/cc    -o CMakeFiles/cmTC_6785c.dir/CheckSymbolExists.c.o   -c /home/maroqi/Documents/UDPboostAsio/build/CMakeFiles/CMakeTmp/CheckSymbolExists.c
Linking C executable cmTC_6785c
/usr/bin/cmake -E cmake_link_script CMakeFiles/cmTC_6785c.dir/link.txt --verbose=1
/usr/bin/cc      CMakeFiles/cmTC_6785c.dir/CheckSymbolExists.c.o  -o cmTC_6785c 
CMakeFiles/cmTC_6785c.dir/CheckSymbolExists.c.o: In function `main':
CheckSymbolExists.c:(.text+0x1b): undefined reference to `pthread_create'
collect2: error: ld returned 1 exit status
CMakeFiles/cmTC_6785c.dir/build.make:97: recipe for target 'cmTC_6785c' failed
make[1]: *** [cmTC_6785c] Error 1
make[1]: Leaving directory '/home/maroqi/Documents/UDPboostAsio/build/CMakeFiles/CMakeTmp'
Makefile:126: recipe for target 'cmTC_6785c/fast' failed
make: *** [cmTC_6785c/fast] Error 2

File /home/maroqi/Documents/UDPboostAsio/build/CMakeFiles/CMakeTmp/CheckSymbolExists.c:
/* */
#include <pthread.h>

int main(int argc, char** argv)
{
  (void)argv;
#ifndef pthread_create
  return ((int*)(&pthread_create))[argc];
#else
  (void)argc;
  return 0;
#endif
}

Determining if the function pthread_create exists in the pthreads failed with the following output:
Change Dir: /home/maroqi/Documents/UDPboostAsio/build/CMakeFiles/CMakeTmp

Run Build Command:"/usr/bin/make" "cmTC_ef797/fast"
/usr/bin/make -f CMakeFiles/cmTC_ef797.dir/build.make CMakeFiles/cmTC_ef797.dir/build
make[1]: Entering directory '/home/maroqi/Documents/UDPboostAsio/build/CMakeFiles/CMakeTmp'
Building C object CMakeFiles/cmTC_ef797.dir/CheckFunctionExists.c.o
/usr/bin/cc   -DCHECK_FUNCTION_EXISTS=pthread_create   -o CMakeFiles/cmTC_ef797.dir/CheckFunctionExists.c.o   -c /usr/share/cmake-3.10/Modules/CheckFunctionExists.c
Linking C executable cmTC_ef797
/usr/bin/cmake -E cmake_link_script CMakeFiles/cmTC_ef797.dir/link.txt --verbose=1
/usr/bin/cc  -DCHECK_FUNCTION_EXISTS=pthread_create    CMakeFiles/cmTC_ef797.dir/CheckFunctionExists.c.o  -o cmTC_ef797 -lpthreads 
/usr/bin/ld: cannot find -lpthreads
collect2: error: ld returned 1 exit status
CMakeFiles/cmTC_ef797.dir/build.make:97: recipe for target 'cmTC_ef797' failed
make[1]: *** [cmTC_ef797] Error 1
make[1]: Leaving directory '/home/maroqi/Documents/UDPboostAsio/build/CMakeFiles/CMakeTmp'
Makefile:126: recipe for target 'cmTC_ef797/fast' failed
make: *** [cmTC_ef797/fast] Error 2


